{"D:\\NodeJS\\excellent\\src\\excellent.js": {"path":"D:\\NodeJS\\excellent\\src\\excellent.js","statementMap":{"0":{"start":{"line":4,"column":0},"end":{"line":770,"column":5}},"1":{"start":{"line":12,"column":22},"end":{"line":12,"column":24}},"2":{"start":{"line":17,"column":20},"end":{"line":17,"column":22}},"3":{"start":{"line":22,"column":18},"end":{"line":22,"column":20}},"4":{"start":{"line":27,"column":19},"end":{"line":27,"column":21}},"5":{"start":{"line":34,"column":15},"end":{"line":34,"column":26}},"6":{"start":{"line":41,"column":19},"end":{"line":41,"column":40}},"7":{"start":{"line":50,"column":4},"end":{"line":50,"column":28}},"8":{"start":{"line":53,"column":15},"end":{"line":53,"column":40}},"9":{"start":{"line":55,"column":4},"end":{"line":60,"column":7}},"10":{"start":{"line":56,"column":8},"end":{"line":56,"column":15}},"11":{"start":{"line":57,"column":8},"end":{"line":59,"column":9}},"12":{"start":{"line":58,"column":12},"end":{"line":58,"column":26}},"13":{"start":{"line":63,"column":8},"end":{"line":63,"column":52}},"14":{"start":{"line":64,"column":16},"end":{"line":64,"column":49}},"15":{"start":{"line":65,"column":8},"end":{"line":67,"column":9}},"16":{"start":{"line":66,"column":12},"end":{"line":66,"column":93}},"17":{"start":{"line":68,"column":8},"end":{"line":70,"column":9}},"18":{"start":{"line":69,"column":12},"end":{"line":69,"column":108}},"19":{"start":{"line":86,"column":8},"end":{"line":92,"column":9}},"20":{"start":{"line":87,"column":12},"end":{"line":87,"column":35}},"21":{"start":{"line":88,"column":20},"end":{"line":88,"column":61}},"22":{"start":{"line":89,"column":12},"end":{"line":91,"column":13}},"23":{"start":{"line":90,"column":16},"end":{"line":90,"column":26}},"24":{"start":{"line":105,"column":16},"end":{"line":105,"column":62}},"25":{"start":{"line":106,"column":18},"end":{"line":106,"column":20}},"26":{"start":{"line":107,"column":8},"end":{"line":109,"column":9}},"27":{"start":{"line":108,"column":12},"end":{"line":108,"column":27}},"28":{"start":{"line":110,"column":8},"end":{"line":110,"column":19}},"29":{"start":{"line":121,"column":8},"end":{"line":121,"column":49}},"30":{"start":{"line":137,"column":8},"end":{"line":137,"column":78}},"31":{"start":{"line":148,"column":8},"end":{"line":148,"column":23}},"32":{"start":{"line":149,"column":22},"end":{"line":149,"column":24}},"33":{"start":{"line":149,"column":32},"end":{"line":149,"column":34}},"34":{"start":{"line":149,"column":43},"end":{"line":149,"column":59}},"35":{"start":{"line":150,"column":8},"end":{"line":181,"column":15}},"36":{"start":{"line":153,"column":26},"end":{"line":153,"column":57}},"37":{"start":{"line":154,"column":16},"end":{"line":180,"column":17}},"38":{"start":{"line":155,"column":35},"end":{"line":155,"column":37}},"39":{"start":{"line":156,"column":20},"end":{"line":174,"column":27}},"40":{"start":{"line":159,"column":28},"end":{"line":159,"column":46}},"41":{"start":{"line":160,"column":28},"end":{"line":173,"column":29}},"42":{"start":{"line":161,"column":32},"end":{"line":163,"column":33}},"43":{"start":{"line":162,"column":36},"end":{"line":162,"column":99}},"44":{"start":{"line":164,"column":32},"end":{"line":166,"column":33}},"45":{"start":{"line":165,"column":36},"end":{"line":165,"column":113}},"46":{"start":{"line":167,"column":32},"end":{"line":167,"column":54}},"47":{"start":{"line":168,"column":40},"end":{"line":168,"column":64}},"48":{"start":{"line":169,"column":32},"end":{"line":169,"column":61}},"49":{"start":{"line":170,"column":32},"end":{"line":170,"column":52}},"50":{"start":{"line":171,"column":32},"end":{"line":171,"column":52}},"51":{"start":{"line":172,"column":32},"end":{"line":172,"column":48}},"52":{"start":{"line":175,"column":20},"end":{"line":179,"column":21}},"53":{"start":{"line":176,"column":24},"end":{"line":176,"column":53}},"54":{"start":{"line":177,"column":24},"end":{"line":177,"column":41}},"55":{"start":{"line":178,"column":24},"end":{"line":178,"column":36}},"56":{"start":{"line":182,"column":8},"end":{"line":182,"column":36}},"57":{"start":{"line":183,"column":8},"end":{"line":187,"column":11}},"58":{"start":{"line":184,"column":12},"end":{"line":186,"column":13}},"59":{"start":{"line":185,"column":16},"end":{"line":185,"column":27}},"60":{"start":{"line":188,"column":8},"end":{"line":188,"column":24}},"61":{"start":{"line":202,"column":8},"end":{"line":206,"column":9}},"62":{"start":{"line":203,"column":12},"end":{"line":203,"column":42}},"63":{"start":{"line":205,"column":12},"end":{"line":205,"column":48}},"64":{"start":{"line":216,"column":8},"end":{"line":220,"column":10}},"65":{"start":{"line":217,"column":12},"end":{"line":219,"column":13}},"66":{"start":{"line":218,"column":16},"end":{"line":218,"column":49}},"67":{"start":{"line":223,"column":12},"end":{"line":234,"column":15}},"68":{"start":{"line":224,"column":16},"end":{"line":233,"column":17}},"69":{"start":{"line":225,"column":28},"end":{"line":225,"column":45}},"70":{"start":{"line":226,"column":20},"end":{"line":232,"column":21}},"71":{"start":{"line":227,"column":34},"end":{"line":227,"column":53}},"72":{"start":{"line":228,"column":24},"end":{"line":231,"column":25}},"73":{"start":{"line":229,"column":28},"end":{"line":229,"column":52}},"74":{"start":{"line":230,"column":28},"end":{"line":230,"column":38}},"75":{"start":{"line":241,"column":21},"end":{"line":241,"column":37}},"76":{"start":{"line":242,"column":20},"end":{"line":242,"column":35}},"77":{"start":{"line":243,"column":12},"end":{"line":249,"column":13}},"78":{"start":{"line":244,"column":24},"end":{"line":244,"column":35}},"79":{"start":{"line":245,"column":16},"end":{"line":248,"column":17}},"80":{"start":{"line":246,"column":20},"end":{"line":246,"column":42}},"81":{"start":{"line":247,"column":20},"end":{"line":247,"column":30}},"82":{"start":{"line":258,"column":12},"end":{"line":263,"column":13}},"83":{"start":{"line":259,"column":24},"end":{"line":259,"column":40}},"84":{"start":{"line":260,"column":16},"end":{"line":262,"column":17}},"85":{"start":{"line":261,"column":20},"end":{"line":261,"column":34}},"86":{"start":{"line":282,"column":8},"end":{"line":284,"column":9}},"87":{"start":{"line":283,"column":12},"end":{"line":283,"column":35}},"88":{"start":{"line":285,"column":8},"end":{"line":316,"column":9}},"89":{"start":{"line":287,"column":20},"end":{"line":287,"column":37}},"90":{"start":{"line":288,"column":12},"end":{"line":291,"column":13}},"91":{"start":{"line":289,"column":16},"end":{"line":289,"column":36}},"92":{"start":{"line":290,"column":16},"end":{"line":290,"column":25}},"93":{"start":{"line":294,"column":24},"end":{"line":294,"column":39}},"94":{"start":{"line":295,"column":29},"end":{"line":295,"column":37}},"95":{"start":{"line":296,"column":12},"end":{"line":301,"column":13}},"96":{"start":{"line":297,"column":16},"end":{"line":299,"column":17}},"97":{"start":{"line":298,"column":20},"end":{"line":298,"column":27}},"98":{"start":{"line":300,"column":16},"end":{"line":300,"column":78}},"99":{"start":{"line":302,"column":22},"end":{"line":302,"column":41}},"100":{"start":{"line":303,"column":12},"end":{"line":311,"column":13}},"101":{"start":{"line":304,"column":24},"end":{"line":304,"column":32}},"102":{"start":{"line":305,"column":16},"end":{"line":310,"column":17}},"103":{"start":{"line":306,"column":20},"end":{"line":306,"column":33}},"104":{"start":{"line":308,"column":20},"end":{"line":308,"column":31}},"105":{"start":{"line":309,"column":20},"end":{"line":309,"column":26}},"106":{"start":{"line":312,"column":12},"end":{"line":315,"column":13}},"107":{"start":{"line":313,"column":16},"end":{"line":313,"column":38}},"108":{"start":{"line":314,"column":16},"end":{"line":314,"column":27}},"109":{"start":{"line":318,"column":8},"end":{"line":320,"column":9}},"110":{"start":{"line":319,"column":12},"end":{"line":319,"column":72}},"111":{"start":{"line":327,"column":8},"end":{"line":327,"column":31}},"112":{"start":{"line":328,"column":8},"end":{"line":330,"column":9}},"113":{"start":{"line":329,"column":12},"end":{"line":329,"column":70}},"114":{"start":{"line":331,"column":16},"end":{"line":331,"column":40}},"115":{"start":{"line":332,"column":8},"end":{"line":332,"column":51}},"116":{"start":{"line":337,"column":12},"end":{"line":337,"column":54}},"117":{"start":{"line":356,"column":8},"end":{"line":356,"column":42}},"118":{"start":{"line":365,"column":8},"end":{"line":365,"column":34}},"119":{"start":{"line":385,"column":8},"end":{"line":396,"column":10}},"120":{"start":{"line":386,"column":12},"end":{"line":386,"column":48}},"121":{"start":{"line":387,"column":12},"end":{"line":394,"column":13}},"122":{"start":{"line":389,"column":16},"end":{"line":392,"column":17}},"123":{"start":{"line":391,"column":20},"end":{"line":391,"column":27}},"124":{"start":{"line":393,"column":16},"end":{"line":393,"column":91}},"125":{"start":{"line":395,"column":12},"end":{"line":395,"column":35}},"126":{"start":{"line":413,"column":8},"end":{"line":420,"column":10}},"127":{"start":{"line":414,"column":12},"end":{"line":414,"column":45}},"128":{"start":{"line":415,"column":12},"end":{"line":419,"column":13}},"129":{"start":{"line":416,"column":24},"end":{"line":416,"column":26}},"130":{"start":{"line":417,"column":16},"end":{"line":417,"column":44}},"131":{"start":{"line":418,"column":16},"end":{"line":418,"column":30}},"132":{"start":{"line":437,"column":8},"end":{"line":444,"column":10}},"133":{"start":{"line":438,"column":12},"end":{"line":438,"column":44}},"134":{"start":{"line":439,"column":12},"end":{"line":443,"column":13}},"135":{"start":{"line":440,"column":24},"end":{"line":440,"column":26}},"136":{"start":{"line":441,"column":16},"end":{"line":441,"column":34}},"137":{"start":{"line":442,"column":16},"end":{"line":442,"column":30}},"138":{"start":{"line":458,"column":8},"end":{"line":466,"column":10}},"139":{"start":{"line":459,"column":12},"end":{"line":465,"column":13}},"140":{"start":{"line":462,"column":16},"end":{"line":462,"column":33}},"141":{"start":{"line":464,"column":16},"end":{"line":464,"column":23}},"142":{"start":{"line":481,"column":8},"end":{"line":485,"column":10}},"143":{"start":{"line":482,"column":12},"end":{"line":484,"column":15}},"144":{"start":{"line":483,"column":16},"end":{"line":483,"column":37}},"145":{"start":{"line":498,"column":8},"end":{"line":498,"column":49}},"146":{"start":{"line":528,"column":8},"end":{"line":528,"column":32}},"147":{"start":{"line":539,"column":8},"end":{"line":539,"column":32}},"148":{"start":{"line":554,"column":14},"end":{"line":554,"column":35}},"149":{"start":{"line":564,"column":4},"end":{"line":567,"column":6}},"150":{"start":{"line":565,"column":8},"end":{"line":565,"column":29}},"151":{"start":{"line":566,"column":8},"end":{"line":566,"column":24}},"152":{"start":{"line":583,"column":4},"end":{"line":608,"column":6}},"153":{"start":{"line":584,"column":16},"end":{"line":584,"column":31}},"154":{"start":{"line":584,"column":39},"end":{"line":584,"column":62}},"155":{"start":{"line":585,"column":8},"end":{"line":587,"column":9}},"156":{"start":{"line":586,"column":12},"end":{"line":586,"column":70}},"157":{"start":{"line":588,"column":19},"end":{"line":588,"column":41}},"158":{"start":{"line":591,"column":21},"end":{"line":591,"column":40}},"159":{"start":{"line":592,"column":12},"end":{"line":594,"column":13}},"160":{"start":{"line":593,"column":16},"end":{"line":593,"column":93}},"161":{"start":{"line":595,"column":20},"end":{"line":595,"column":45}},"162":{"start":{"line":596,"column":12},"end":{"line":603,"column":13}},"163":{"start":{"line":597,"column":16},"end":{"line":597,"column":51}},"164":{"start":{"line":598,"column":16},"end":{"line":598,"column":43}},"165":{"start":{"line":599,"column":16},"end":{"line":599,"column":33}},"166":{"start":{"line":600,"column":16},"end":{"line":602,"column":17}},"167":{"start":{"line":601,"column":20},"end":{"line":601,"column":31}},"168":{"start":{"line":604,"column":12},"end":{"line":604,"column":21}},"169":{"start":{"line":607,"column":8},"end":{"line":607,"column":72}},"170":{"start":{"line":621,"column":4},"end":{"line":631,"column":6}},"171":{"start":{"line":622,"column":8},"end":{"line":624,"column":9}},"172":{"start":{"line":623,"column":12},"end":{"line":623,"column":69}},"173":{"start":{"line":625,"column":8},"end":{"line":630,"column":17}},"174":{"start":{"line":627,"column":12},"end":{"line":629,"column":13}},"175":{"start":{"line":628,"column":16},"end":{"line":628,"column":122}},"176":{"start":{"line":644,"column":4},"end":{"line":648,"column":6}},"177":{"start":{"line":645,"column":8},"end":{"line":647,"column":11}},"178":{"start":{"line":646,"column":12},"end":{"line":646,"column":33}},"179":{"start":{"line":663,"column":4},"end":{"line":669,"column":6}},"180":{"start":{"line":664,"column":16},"end":{"line":664,"column":36}},"181":{"start":{"line":665,"column":8},"end":{"line":667,"column":9}},"182":{"start":{"line":666,"column":12},"end":{"line":666,"column":90}},"183":{"start":{"line":668,"column":8},"end":{"line":668,"column":20}},"184":{"start":{"line":682,"column":4},"end":{"line":684,"column":6}},"185":{"start":{"line":683,"column":8},"end":{"line":683,"column":43}},"186":{"start":{"line":700,"column":4},"end":{"line":705,"column":6}},"187":{"start":{"line":701,"column":8},"end":{"line":701,"column":29}},"188":{"start":{"line":702,"column":8},"end":{"line":704,"column":9}},"189":{"start":{"line":703,"column":12},"end":{"line":703,"column":46}},"190":{"start":{"line":720,"column":4},"end":{"line":731,"column":6}},"191":{"start":{"line":721,"column":8},"end":{"line":721,"column":29}},"192":{"start":{"line":722,"column":19},"end":{"line":722,"column":23}},"193":{"start":{"line":723,"column":8},"end":{"line":730,"column":11}},"194":{"start":{"line":724,"column":12},"end":{"line":729,"column":13}},"195":{"start":{"line":725,"column":31},"end":{"line":725,"column":57}},"196":{"start":{"line":726,"column":16},"end":{"line":728,"column":17}},"197":{"start":{"line":727,"column":20},"end":{"line":727,"column":33}},"198":{"start":{"line":746,"column":4},"end":{"line":752,"column":6}},"199":{"start":{"line":747,"column":16},"end":{"line":747,"column":37}},"200":{"start":{"line":748,"column":8},"end":{"line":750,"column":9}},"201":{"start":{"line":749,"column":12},"end":{"line":749,"column":88}},"202":{"start":{"line":751,"column":8},"end":{"line":751,"column":17}},"203":{"start":{"line":757,"column":4},"end":{"line":768,"column":9}},"204":{"start":{"line":758,"column":16},"end":{"line":758,"column":32}},"205":{"start":{"line":759,"column":8},"end":{"line":767,"column":9}},"206":{"start":{"line":760,"column":12},"end":{"line":762,"column":13}},"207":{"start":{"line":761,"column":16},"end":{"line":761,"column":77}},"208":{"start":{"line":763,"column":23},"end":{"line":763,"column":50}},"209":{"start":{"line":764,"column":12},"end":{"line":766,"column":13}},"210":{"start":{"line":765,"column":16},"end":{"line":765,"column":36}}},"fnMap":{"0":{"name":"(anonymous_0)","decl":{"start":{"line":4,"column":1},"end":{"line":4,"column":2}},"loc":{"start":{"line":4,"column":13},"end":{"line":770,"column":1}},"line":4},"1":{"name":"(anonymous_1)","decl":{"start":{"line":55,"column":50},"end":{"line":55,"column":51}},"loc":{"start":{"line":55,"column":62},"end":{"line":60,"column":5}},"line":55},"2":{"name":"checkEntity","decl":{"start":{"line":62,"column":13},"end":{"line":62,"column":24}},"loc":{"start":{"line":62,"column":43},"end":{"line":71,"column":5}},"line":62},"3":{"name":"validCN","decl":{"start":{"line":85,"column":13},"end":{"line":85,"column":20}},"loc":{"start":{"line":85,"column":28},"end":{"line":93,"column":5}},"line":85},"4":{"name":"find","decl":{"start":{"line":104,"column":13},"end":{"line":104,"column":17}},"loc":{"start":{"line":104,"column":35},"end":{"line":111,"column":5}},"line":104},"5":{"name":"trim","decl":{"start":{"line":120,"column":13},"end":{"line":120,"column":17}},"loc":{"start":{"line":120,"column":23},"end":{"line":122,"column":5}},"line":120},"6":{"name":"rop","decl":{"start":{"line":136,"column":13},"end":{"line":136,"column":16}},"loc":{"start":{"line":136,"column":38},"end":{"line":138,"column":5}},"line":136},"7":{"name":"bind","decl":{"start":{"line":147,"column":13},"end":{"line":147,"column":17}},"loc":{"start":{"line":147,"column":24},"end":{"line":189,"column":5}},"line":147},"8":{"name":"(anonymous_8)","decl":{"start":{"line":151,"column":21},"end":{"line":151,"column":22}},"loc":{"start":{"line":151,"column":34},"end":{"line":181,"column":13}},"line":151},"9":{"name":"(anonymous_9)","decl":{"start":{"line":158,"column":33},"end":{"line":158,"column":34}},"loc":{"start":{"line":158,"column":49},"end":{"line":174,"column":25}},"line":158},"10":{"name":"(anonymous_10)","decl":{"start":{"line":183,"column":24},"end":{"line":183,"column":25}},"loc":{"start":{"line":183,"column":37},"end":{"line":187,"column":9}},"line":183},"11":{"name":"DestroyObserver","decl":{"start":{"line":200,"column":13},"end":{"line":200,"column":28}},"loc":{"start":{"line":200,"column":31},"end":{"line":266,"column":5}},"line":200},"12":{"name":"(anonymous_12)","decl":{"start":{"line":216,"column":21},"end":{"line":216,"column":22}},"loc":{"start":{"line":216,"column":34},"end":{"line":220,"column":9}},"line":216},"13":{"name":"mutantCB","decl":{"start":{"line":222,"column":17},"end":{"line":222,"column":25}},"loc":{"start":{"line":222,"column":37},"end":{"line":235,"column":9}},"line":222},"14":{"name":"(anonymous_14)","decl":{"start":{"line":223,"column":30},"end":{"line":223,"column":31}},"loc":{"start":{"line":223,"column":43},"end":{"line":234,"column":13}},"line":223},"15":{"name":"manualCheck","decl":{"start":{"line":240,"column":17},"end":{"line":240,"column":28}},"loc":{"start":{"line":240,"column":31},"end":{"line":250,"column":9}},"line":240},"16":{"name":"notify","decl":{"start":{"line":257,"column":17},"end":{"line":257,"column":23}},"loc":{"start":{"line":257,"column":27},"end":{"line":264,"column":9}},"line":257},"17":{"name":"getCtrlFunc","decl":{"start":{"line":281,"column":13},"end":{"line":281,"column":24}},"loc":{"start":{"line":281,"column":40},"end":{"line":321,"column":5}},"line":281},"18":{"name":"findCS","decl":{"start":{"line":326,"column":13},"end":{"line":326,"column":19}},"loc":{"start":{"line":326,"column":24},"end":{"line":339,"column":5}},"line":326},"19":{"name":"pick","decl":{"start":{"line":334,"column":17},"end":{"line":334,"column":21}},"loc":{"start":{"line":334,"column":25},"end":{"line":338,"column":9}},"line":334},"20":{"name":"ERoot","decl":{"start":{"line":346,"column":13},"end":{"line":346,"column":18}},"loc":{"start":{"line":346,"column":21},"end":{"line":499,"column":5}},"line":346},"21":{"name":"(anonymous_21)","decl":{"start":{"line":385,"column":29},"end":{"line":385,"column":30}},"loc":{"start":{"line":385,"column":49},"end":{"line":396,"column":9}},"line":385},"22":{"name":"(anonymous_22)","decl":{"start":{"line":413,"column":26},"end":{"line":413,"column":27}},"loc":{"start":{"line":413,"column":46},"end":{"line":420,"column":9}},"line":413},"23":{"name":"(anonymous_23)","decl":{"start":{"line":437,"column":25},"end":{"line":437,"column":26}},"loc":{"start":{"line":437,"column":45},"end":{"line":444,"column":9}},"line":437},"24":{"name":"(anonymous_24)","decl":{"start":{"line":458,"column":20},"end":{"line":458,"column":21}},"loc":{"start":{"line":458,"column":32},"end":{"line":466,"column":9}},"line":458},"25":{"name":"(anonymous_25)","decl":{"start":{"line":481,"column":20},"end":{"line":481,"column":21}},"loc":{"start":{"line":481,"column":41},"end":{"line":485,"column":9}},"line":481},"26":{"name":"(anonymous_26)","decl":{"start":{"line":482,"column":42},"end":{"line":482,"column":43}},"loc":{"start":{"line":482,"column":55},"end":{"line":484,"column":13}},"line":482},"27":{"name":"EController","decl":{"start":{"line":519,"column":13},"end":{"line":519,"column":24}},"loc":{"start":{"line":519,"column":37},"end":{"line":540,"column":5}},"line":519},"28":{"name":"(anonymous_28)","decl":{"start":{"line":564,"column":15},"end":{"line":564,"column":16}},"loc":{"start":{"line":564,"column":27},"end":{"line":567,"column":5}},"line":564},"29":{"name":"(anonymous_29)","decl":{"start":{"line":583,"column":17},"end":{"line":583,"column":18}},"loc":{"start":{"line":583,"column":37},"end":{"line":608,"column":5}},"line":583},"30":{"name":"ext","decl":{"start":{"line":590,"column":17},"end":{"line":590,"column":20}},"loc":{"start":{"line":590,"column":27},"end":{"line":605,"column":9}},"line":590},"31":{"name":"(anonymous_31)","decl":{"start":{"line":621,"column":18},"end":{"line":621,"column":19}},"loc":{"start":{"line":621,"column":39},"end":{"line":631,"column":5}},"line":621},"32":{"name":"(anonymous_32)","decl":{"start":{"line":625,"column":26},"end":{"line":625,"column":27}},"loc":{"start":{"line":625,"column":42},"end":{"line":630,"column":9}},"line":625},"33":{"name":"(anonymous_33)","decl":{"start":{"line":644,"column":15},"end":{"line":644,"column":16}},"loc":{"start":{"line":644,"column":36},"end":{"line":648,"column":5}},"line":644},"34":{"name":"(anonymous_34)","decl":{"start":{"line":645,"column":49},"end":{"line":645,"column":50}},"loc":{"start":{"line":645,"column":62},"end":{"line":647,"column":9}},"line":645},"35":{"name":"(anonymous_35)","decl":{"start":{"line":663,"column":18},"end":{"line":663,"column":19}},"loc":{"start":{"line":663,"column":39},"end":{"line":669,"column":5}},"line":663},"36":{"name":"(anonymous_36)","decl":{"start":{"line":682,"column":26},"end":{"line":682,"column":27}},"loc":{"start":{"line":682,"column":46},"end":{"line":684,"column":5}},"line":682},"37":{"name":"(anonymous_37)","decl":{"start":{"line":700,"column":15},"end":{"line":700,"column":16}},"loc":{"start":{"line":700,"column":31},"end":{"line":705,"column":5}},"line":700},"38":{"name":"(anonymous_38)","decl":{"start":{"line":720,"column":15},"end":{"line":720,"column":16}},"loc":{"start":{"line":720,"column":35},"end":{"line":731,"column":5}},"line":720},"39":{"name":"(anonymous_39)","decl":{"start":{"line":723,"column":19},"end":{"line":723,"column":20}},"loc":{"start":{"line":723,"column":31},"end":{"line":730,"column":9}},"line":723},"40":{"name":"(anonymous_40)","decl":{"start":{"line":746,"column":18},"end":{"line":746,"column":19}},"loc":{"start":{"line":746,"column":31},"end":{"line":752,"column":5}},"line":746},"41":{"name":"(anonymous_41)","decl":{"start":{"line":757,"column":5},"end":{"line":757,"column":6}},"loc":{"start":{"line":757,"column":17},"end":{"line":768,"column":5}},"line":757}},"branchMap":{"0":{"loc":{"start":{"line":57,"column":8},"end":{"line":59,"column":9}},"type":"if","locations":[{"start":{"line":57,"column":8},"end":{"line":59,"column":9}},{"start":{"line":57,"column":8},"end":{"line":59,"column":9}}],"line":57},"1":{"loc":{"start":{"line":63,"column":15},"end":{"line":63,"column":51}},"type":"cond-expr","locations":[{"start":{"line":63,"column":42},"end":{"line":63,"column":46}},{"start":{"line":63,"column":49},"end":{"line":63,"column":51}}],"line":63},"2":{"loc":{"start":{"line":65,"column":8},"end":{"line":67,"column":9}},"type":"if","locations":[{"start":{"line":65,"column":8},"end":{"line":67,"column":9}},{"start":{"line":65,"column":8},"end":{"line":67,"column":9}}],"line":65},"3":{"loc":{"start":{"line":65,"column":12},"end":{"line":65,"column":31}},"type":"binary-expr","locations":[{"start":{"line":65,"column":12},"end":{"line":65,"column":14}},{"start":{"line":65,"column":18},"end":{"line":65,"column":31}}],"line":65},"4":{"loc":{"start":{"line":68,"column":8},"end":{"line":70,"column":9}},"type":"if","locations":[{"start":{"line":68,"column":8},"end":{"line":70,"column":9}},{"start":{"line":68,"column":8},"end":{"line":70,"column":9}}],"line":68},"5":{"loc":{"start":{"line":86,"column":8},"end":{"line":92,"column":9}},"type":"if","locations":[{"start":{"line":86,"column":8},"end":{"line":92,"column":9}},{"start":{"line":86,"column":8},"end":{"line":92,"column":9}}],"line":86},"6":{"loc":{"start":{"line":87,"column":17},"end":{"line":87,"column":34}},"type":"cond-expr","locations":[{"start":{"line":87,"column":21},"end":{"line":87,"column":29}},{"start":{"line":87,"column":32},"end":{"line":87,"column":34}}],"line":87},"7":{"loc":{"start":{"line":89,"column":12},"end":{"line":91,"column":13}},"type":"if","locations":[{"start":{"line":89,"column":12},"end":{"line":91,"column":13}},{"start":{"line":89,"column":12},"end":{"line":91,"column":13}}],"line":89},"8":{"loc":{"start":{"line":89,"column":16},"end":{"line":89,"column":32}},"type":"binary-expr","locations":[{"start":{"line":89,"column":16},"end":{"line":89,"column":17}},{"start":{"line":89,"column":21},"end":{"line":89,"column":32}}],"line":89},"9":{"loc":{"start":{"line":105,"column":17},"end":{"line":105,"column":33}},"type":"binary-expr","locations":[{"start":{"line":105,"column":17},"end":{"line":105,"column":21}},{"start":{"line":105,"column":25},"end":{"line":105,"column":33}}],"line":105},"10":{"loc":{"start":{"line":153,"column":26},"end":{"line":153,"column":57}},"type":"cond-expr","locations":[{"start":{"line":153,"column":33},"end":{"line":153,"column":35}},{"start":{"line":153,"column":38},"end":{"line":153,"column":57}}],"line":153},"11":{"loc":{"start":{"line":154,"column":16},"end":{"line":180,"column":17}},"type":"if","locations":[{"start":{"line":154,"column":16},"end":{"line":180,"column":17}},{"start":{"line":154,"column":16},"end":{"line":180,"column":17}}],"line":154},"12":{"loc":{"start":{"line":160,"column":28},"end":{"line":173,"column":29}},"type":"if","locations":[{"start":{"line":160,"column":28},"end":{"line":173,"column":29}},{"start":{"line":160,"column":28},"end":{"line":173,"column":29}}],"line":160},"13":{"loc":{"start":{"line":161,"column":32},"end":{"line":163,"column":33}},"type":"if","locations":[{"start":{"line":161,"column":32},"end":{"line":163,"column":33}},{"start":{"line":161,"column":32},"end":{"line":163,"column":33}}],"line":161},"14":{"loc":{"start":{"line":164,"column":32},"end":{"line":166,"column":33}},"type":"if","locations":[{"start":{"line":164,"column":32},"end":{"line":166,"column":33}},{"start":{"line":164,"column":32},"end":{"line":166,"column":33}}],"line":164},"15":{"loc":{"start":{"line":170,"column":40},"end":{"line":170,"column":51}},"type":"binary-expr","locations":[{"start":{"line":170,"column":40},"end":{"line":170,"column":45}},{"start":{"line":170,"column":49},"end":{"line":170,"column":51}}],"line":170},"16":{"loc":{"start":{"line":175,"column":20},"end":{"line":179,"column":21}},"type":"if","locations":[{"start":{"line":175,"column":20},"end":{"line":179,"column":21}},{"start":{"line":175,"column":20},"end":{"line":179,"column":21}}],"line":175},"17":{"loc":{"start":{"line":184,"column":12},"end":{"line":186,"column":13}},"type":"if","locations":[{"start":{"line":184,"column":12},"end":{"line":186,"column":13}},{"start":{"line":184,"column":12},"end":{"line":186,"column":13}}],"line":184},"18":{"loc":{"start":{"line":202,"column":8},"end":{"line":206,"column":9}},"type":"if","locations":[{"start":{"line":202,"column":8},"end":{"line":206,"column":9}},{"start":{"line":202,"column":8},"end":{"line":206,"column":9}}],"line":202},"19":{"loc":{"start":{"line":217,"column":12},"end":{"line":219,"column":13}},"type":"if","locations":[{"start":{"line":217,"column":12},"end":{"line":219,"column":13}},{"start":{"line":217,"column":12},"end":{"line":219,"column":13}}],"line":217},"20":{"loc":{"start":{"line":226,"column":20},"end":{"line":232,"column":21}},"type":"if","locations":[{"start":{"line":226,"column":20},"end":{"line":232,"column":21}},{"start":{"line":226,"column":20},"end":{"line":232,"column":21}}],"line":226},"21":{"loc":{"start":{"line":228,"column":24},"end":{"line":231,"column":25}},"type":"if","locations":[{"start":{"line":228,"column":24},"end":{"line":231,"column":25}},{"start":{"line":228,"column":24},"end":{"line":231,"column":25}}],"line":228},"22":{"loc":{"start":{"line":245,"column":16},"end":{"line":248,"column":17}},"type":"if","locations":[{"start":{"line":245,"column":16},"end":{"line":248,"column":17}},{"start":{"line":245,"column":16},"end":{"line":248,"column":17}}],"line":245},"23":{"loc":{"start":{"line":260,"column":16},"end":{"line":262,"column":17}},"type":"if","locations":[{"start":{"line":260,"column":16},"end":{"line":262,"column":17}},{"start":{"line":260,"column":16},"end":{"line":262,"column":17}}],"line":260},"24":{"loc":{"start":{"line":282,"column":8},"end":{"line":284,"column":9}},"type":"if","locations":[{"start":{"line":282,"column":8},"end":{"line":284,"column":9}},{"start":{"line":282,"column":8},"end":{"line":284,"column":9}}],"line":282},"25":{"loc":{"start":{"line":285,"column":8},"end":{"line":316,"column":9}},"type":"if","locations":[{"start":{"line":285,"column":8},"end":{"line":316,"column":9}},{"start":{"line":285,"column":8},"end":{"line":316,"column":9}}],"line":285},"26":{"loc":{"start":{"line":288,"column":12},"end":{"line":291,"column":13}},"type":"if","locations":[{"start":{"line":288,"column":12},"end":{"line":291,"column":13}},{"start":{"line":288,"column":12},"end":{"line":291,"column":13}}],"line":288},"27":{"loc":{"start":{"line":296,"column":12},"end":{"line":301,"column":13}},"type":"if","locations":[{"start":{"line":296,"column":12},"end":{"line":301,"column":13}},{"start":{"line":296,"column":12},"end":{"line":301,"column":13}}],"line":296},"28":{"loc":{"start":{"line":297,"column":16},"end":{"line":299,"column":17}},"type":"if","locations":[{"start":{"line":297,"column":16},"end":{"line":299,"column":17}},{"start":{"line":297,"column":16},"end":{"line":299,"column":17}}],"line":297},"29":{"loc":{"start":{"line":305,"column":16},"end":{"line":310,"column":17}},"type":"if","locations":[{"start":{"line":305,"column":16},"end":{"line":310,"column":17}},{"start":{"line":305,"column":16},"end":{"line":310,"column":17}}],"line":305},"30":{"loc":{"start":{"line":312,"column":12},"end":{"line":315,"column":13}},"type":"if","locations":[{"start":{"line":312,"column":12},"end":{"line":315,"column":13}},{"start":{"line":312,"column":12},"end":{"line":315,"column":13}}],"line":312},"31":{"loc":{"start":{"line":318,"column":8},"end":{"line":320,"column":9}},"type":"if","locations":[{"start":{"line":318,"column":8},"end":{"line":320,"column":9}},{"start":{"line":318,"column":8},"end":{"line":320,"column":9}}],"line":318},"32":{"loc":{"start":{"line":328,"column":8},"end":{"line":330,"column":9}},"type":"if","locations":[{"start":{"line":328,"column":8},"end":{"line":330,"column":9}},{"start":{"line":328,"column":8},"end":{"line":330,"column":9}}],"line":328},"33":{"loc":{"start":{"line":337,"column":19},"end":{"line":337,"column":53}},"type":"binary-expr","locations":[{"start":{"line":337,"column":19},"end":{"line":337,"column":32}},{"start":{"line":337,"column":36},"end":{"line":337,"column":53}}],"line":337},"34":{"loc":{"start":{"line":387,"column":12},"end":{"line":394,"column":13}},"type":"if","locations":[{"start":{"line":387,"column":12},"end":{"line":394,"column":13}},{"start":{"line":387,"column":12},"end":{"line":394,"column":13}}],"line":387},"35":{"loc":{"start":{"line":389,"column":16},"end":{"line":392,"column":17}},"type":"if","locations":[{"start":{"line":389,"column":16},"end":{"line":392,"column":17}},{"start":{"line":389,"column":16},"end":{"line":392,"column":17}}],"line":389},"36":{"loc":{"start":{"line":415,"column":12},"end":{"line":419,"column":13}},"type":"if","locations":[{"start":{"line":415,"column":12},"end":{"line":419,"column":13}},{"start":{"line":415,"column":12},"end":{"line":419,"column":13}}],"line":415},"37":{"loc":{"start":{"line":439,"column":12},"end":{"line":443,"column":13}},"type":"if","locations":[{"start":{"line":439,"column":12},"end":{"line":443,"column":13}},{"start":{"line":439,"column":12},"end":{"line":443,"column":13}}],"line":439},"38":{"loc":{"start":{"line":459,"column":12},"end":{"line":465,"column":13}},"type":"if","locations":[{"start":{"line":459,"column":12},"end":{"line":465,"column":13}},{"start":{"line":459,"column":12},"end":{"line":465,"column":13}}],"line":459},"39":{"loc":{"start":{"line":585,"column":8},"end":{"line":587,"column":9}},"type":"if","locations":[{"start":{"line":585,"column":8},"end":{"line":587,"column":9}},{"start":{"line":585,"column":8},"end":{"line":587,"column":9}}],"line":585},"40":{"loc":{"start":{"line":585,"column":12},"end":{"line":585,"column":42}},"type":"binary-expr","locations":[{"start":{"line":585,"column":12},"end":{"line":585,"column":14}},{"start":{"line":585,"column":19},"end":{"line":585,"column":33}},{"start":{"line":585,"column":37},"end":{"line":585,"column":41}}],"line":585},"41":{"loc":{"start":{"line":592,"column":12},"end":{"line":594,"column":13}},"type":"if","locations":[{"start":{"line":592,"column":12},"end":{"line":594,"column":13}},{"start":{"line":592,"column":12},"end":{"line":594,"column":13}}],"line":592},"42":{"loc":{"start":{"line":596,"column":12},"end":{"line":603,"column":13}},"type":"if","locations":[{"start":{"line":596,"column":12},"end":{"line":603,"column":13}},{"start":{"line":596,"column":12},"end":{"line":603,"column":13}}],"line":596},"43":{"loc":{"start":{"line":600,"column":16},"end":{"line":602,"column":17}},"type":"if","locations":[{"start":{"line":600,"column":16},"end":{"line":602,"column":17}},{"start":{"line":600,"column":16},"end":{"line":602,"column":17}}],"line":600},"44":{"loc":{"start":{"line":607,"column":15},"end":{"line":607,"column":71}},"type":"cond-expr","locations":[{"start":{"line":607,"column":21},"end":{"line":607,"column":44}},{"start":{"line":607,"column":47},"end":{"line":607,"column":71}}],"line":607},"45":{"loc":{"start":{"line":622,"column":8},"end":{"line":624,"column":9}},"type":"if","locations":[{"start":{"line":622,"column":8},"end":{"line":624,"column":9}},{"start":{"line":622,"column":8},"end":{"line":624,"column":9}}],"line":622},"46":{"loc":{"start":{"line":627,"column":12},"end":{"line":629,"column":13}},"type":"if","locations":[{"start":{"line":627,"column":12},"end":{"line":629,"column":13}},{"start":{"line":627,"column":12},"end":{"line":629,"column":13}}],"line":627},"47":{"loc":{"start":{"line":665,"column":8},"end":{"line":667,"column":9}},"type":"if","locations":[{"start":{"line":665,"column":8},"end":{"line":667,"column":9}},{"start":{"line":665,"column":8},"end":{"line":667,"column":9}}],"line":665},"48":{"loc":{"start":{"line":702,"column":8},"end":{"line":704,"column":9}},"type":"if","locations":[{"start":{"line":702,"column":8},"end":{"line":704,"column":9}},{"start":{"line":702,"column":8},"end":{"line":704,"column":9}}],"line":702},"49":{"loc":{"start":{"line":724,"column":12},"end":{"line":729,"column":13}},"type":"if","locations":[{"start":{"line":724,"column":12},"end":{"line":729,"column":13}},{"start":{"line":724,"column":12},"end":{"line":729,"column":13}}],"line":724},"50":{"loc":{"start":{"line":726,"column":16},"end":{"line":728,"column":17}},"type":"if","locations":[{"start":{"line":726,"column":16},"end":{"line":728,"column":17}},{"start":{"line":726,"column":16},"end":{"line":728,"column":17}}],"line":726},"51":{"loc":{"start":{"line":748,"column":8},"end":{"line":750,"column":9}},"type":"if","locations":[{"start":{"line":748,"column":8},"end":{"line":750,"column":9}},{"start":{"line":748,"column":8},"end":{"line":750,"column":9}}],"line":748},"52":{"loc":{"start":{"line":759,"column":8},"end":{"line":767,"column":9}},"type":"if","locations":[{"start":{"line":759,"column":8},"end":{"line":767,"column":9}},{"start":{"line":759,"column":8},"end":{"line":767,"column":9}}],"line":759},"53":{"loc":{"start":{"line":760,"column":12},"end":{"line":762,"column":13}},"type":"if","locations":[{"start":{"line":760,"column":12},"end":{"line":762,"column":13}},{"start":{"line":760,"column":12},"end":{"line":762,"column":13}}],"line":760},"54":{"loc":{"start":{"line":764,"column":12},"end":{"line":766,"column":13}},"type":"if","locations":[{"start":{"line":764,"column":12},"end":{"line":766,"column":13}},{"start":{"line":764,"column":12},"end":{"line":766,"column":13}}],"line":764}},"s":{"0":1,"1":1,"2":1,"3":1,"4":1,"5":1,"6":1,"7":1,"8":1,"9":1,"10":0,"11":0,"12":0,"13":0,"14":0,"15":0,"16":0,"17":0,"18":0,"19":0,"20":0,"21":0,"22":0,"23":0,"24":2,"25":2,"26":2,"27":0,"28":2,"29":0,"30":2,"31":0,"32":0,"33":0,"34":0,"35":0,"36":0,"37":0,"38":0,"39":0,"40":0,"41":0,"42":0,"43":0,"44":0,"45":0,"46":0,"47":0,"48":0,"49":0,"50":0,"51":0,"52":0,"53":0,"54":0,"55":0,"56":0,"57":0,"58":0,"59":0,"60":0,"61":1,"62":1,"63":0,"64":1,"65":0,"66":0,"67":0,"68":0,"69":0,"70":0,"71":0,"72":0,"73":0,"74":0,"75":1,"76":1,"77":1,"78":0,"79":0,"80":0,"81":0,"82":0,"83":0,"84":0,"85":0,"86":0,"87":0,"88":0,"89":0,"90":0,"91":0,"92":0,"93":0,"94":0,"95":0,"96":0,"97":0,"98":0,"99":0,"100":0,"101":0,"102":0,"103":0,"104":0,"105":0,"106":0,"107":0,"108":0,"109":0,"110":0,"111":0,"112":0,"113":0,"114":0,"115":0,"116":0,"117":1,"118":1,"119":1,"120":0,"121":0,"122":0,"123":0,"124":0,"125":0,"126":1,"127":0,"128":0,"129":0,"130":0,"131":0,"132":1,"133":0,"134":0,"135":0,"136":0,"137":0,"138":1,"139":0,"140":0,"141":0,"142":1,"143":0,"144":0,"145":1,"146":0,"147":0,"148":1,"149":1,"150":0,"151":0,"152":1,"153":0,"154":0,"155":0,"156":0,"157":0,"158":0,"159":0,"160":0,"161":0,"162":0,"163":0,"164":0,"165":0,"166":0,"167":0,"168":0,"169":0,"170":1,"171":0,"172":0,"173":0,"174":0,"175":0,"176":1,"177":0,"178":0,"179":1,"180":0,"181":0,"182":0,"183":0,"184":1,"185":0,"186":1,"187":0,"188":0,"189":0,"190":1,"191":0,"192":0,"193":0,"194":0,"195":0,"196":0,"197":0,"198":1,"199":0,"200":0,"201":0,"202":0,"203":1,"204":1,"205":1,"206":0,"207":0,"208":0,"209":0,"210":0},"f":{"0":1,"1":0,"2":0,"3":0,"4":2,"5":0,"6":2,"7":0,"8":0,"9":0,"10":0,"11":1,"12":0,"13":0,"14":0,"15":1,"16":0,"17":0,"18":0,"19":0,"20":1,"21":0,"22":0,"23":0,"24":0,"25":0,"26":0,"27":0,"28":0,"29":0,"30":0,"31":0,"32":0,"33":0,"34":0,"35":0,"36":0,"37":0,"38":0,"39":0,"40":0,"41":1},"b":{"0":[0,0],"1":[0,0],"2":[0,0],"3":[0,0],"4":[0,0],"5":[0,0],"6":[0,0],"7":[0,0],"8":[0,0],"9":[2,2],"10":[0,0],"11":[0,0],"12":[0,0],"13":[0,0],"14":[0,0],"15":[0,0],"16":[0,0],"17":[0,0],"18":[1,0],"19":[0,0],"20":[0,0],"21":[0,0],"22":[0,0],"23":[0,0],"24":[0,0],"25":[0,0],"26":[0,0],"27":[0,0],"28":[0,0],"29":[0,0],"30":[0,0],"31":[0,0],"32":[0,0],"33":[0,0],"34":[0,0],"35":[0,0],"36":[0,0],"37":[0,0],"38":[0,0],"39":[0,0],"40":[0,0,0],"41":[0,0],"42":[0,0],"43":[0,0],"44":[0,0],"45":[0,0],"46":[0,0],"47":[0,0],"48":[0,0],"49":[0,0],"50":[0,0],"51":[0,0],"52":[0,1],"53":[0,0],"54":[0,0]},"_coverageSchema":"332fd63041d2c1bcb487cc26dd0d5f7d97098a6c","hash":"21c9d939a342de3da9ce3a5686df0db9e130fbd3"}
}
