TN:
SF:D:\NodeJS\excellent\src\excellent.js
FN:4,(anonymous_0)
FN:55,(anonymous_1)
FN:62,checkEntity
FN:85,validCN
FN:104,find
FN:120,trim
FN:136,rop
FN:147,bind
FN:151,(anonymous_8)
FN:158,(anonymous_9)
FN:183,(anonymous_10)
FN:200,DestroyObserver
FN:216,(anonymous_12)
FN:222,mutantCB
FN:223,(anonymous_14)
FN:240,manualCheck
FN:257,notify
FN:281,getCtrlFunc
FN:326,findCS
FN:334,pick
FN:346,ERoot
FN:385,(anonymous_21)
FN:413,(anonymous_22)
FN:437,(anonymous_23)
FN:458,(anonymous_24)
FN:481,(anonymous_25)
FN:482,(anonymous_26)
FN:519,EController
FN:564,(anonymous_28)
FN:583,(anonymous_29)
FN:590,ext
FN:621,(anonymous_31)
FN:625,(anonymous_32)
FN:644,(anonymous_33)
FN:645,(anonymous_34)
FN:663,(anonymous_35)
FN:682,(anonymous_36)
FN:700,(anonymous_37)
FN:720,(anonymous_38)
FN:723,(anonymous_39)
FN:746,(anonymous_40)
FN:757,(anonymous_41)
FNF:42
FNH:7
FNDA:1,(anonymous_0)
FNDA:0,(anonymous_1)
FNDA:0,checkEntity
FNDA:0,validCN
FNDA:2,find
FNDA:0,trim
FNDA:2,rop
FNDA:0,bind
FNDA:0,(anonymous_8)
FNDA:0,(anonymous_9)
FNDA:0,(anonymous_10)
FNDA:1,DestroyObserver
FNDA:0,(anonymous_12)
FNDA:0,mutantCB
FNDA:0,(anonymous_14)
FNDA:1,manualCheck
FNDA:0,notify
FNDA:0,getCtrlFunc
FNDA:0,findCS
FNDA:0,pick
FNDA:1,ERoot
FNDA:0,(anonymous_21)
FNDA:0,(anonymous_22)
FNDA:0,(anonymous_23)
FNDA:0,(anonymous_24)
FNDA:0,(anonymous_25)
FNDA:0,(anonymous_26)
FNDA:0,EController
FNDA:0,(anonymous_28)
FNDA:0,(anonymous_29)
FNDA:0,ext
FNDA:0,(anonymous_31)
FNDA:0,(anonymous_32)
FNDA:0,(anonymous_33)
FNDA:0,(anonymous_34)
FNDA:0,(anonymous_35)
FNDA:0,(anonymous_36)
FNDA:0,(anonymous_37)
FNDA:0,(anonymous_38)
FNDA:0,(anonymous_39)
FNDA:0,(anonymous_40)
FNDA:1,(anonymous_41)
DA:4,1
DA:12,1
DA:17,1
DA:22,1
DA:27,1
DA:34,1
DA:41,1
DA:50,1
DA:53,1
DA:55,1
DA:56,0
DA:57,0
DA:58,0
DA:63,0
DA:64,0
DA:65,0
DA:66,0
DA:68,0
DA:69,0
DA:86,0
DA:87,0
DA:88,0
DA:89,0
DA:90,0
DA:105,2
DA:106,2
DA:107,2
DA:108,0
DA:110,2
DA:121,0
DA:137,2
DA:148,0
DA:149,0
DA:150,0
DA:153,0
DA:154,0
DA:155,0
DA:156,0
DA:159,0
DA:160,0
DA:161,0
DA:162,0
DA:164,0
DA:165,0
DA:167,0
DA:168,0
DA:169,0
DA:170,0
DA:171,0
DA:172,0
DA:175,0
DA:176,0
DA:177,0
DA:178,0
DA:182,0
DA:183,0
DA:184,0
DA:185,0
DA:188,0
DA:202,1
DA:203,1
DA:205,0
DA:216,1
DA:217,0
DA:218,0
DA:223,0
DA:224,0
DA:225,0
DA:226,0
DA:227,0
DA:228,0
DA:229,0
DA:230,0
DA:241,1
DA:242,1
DA:243,1
DA:244,0
DA:245,0
DA:246,0
DA:247,0
DA:258,0
DA:259,0
DA:260,0
DA:261,0
DA:282,0
DA:283,0
DA:285,0
DA:287,0
DA:288,0
DA:289,0
DA:290,0
DA:294,0
DA:295,0
DA:296,0
DA:297,0
DA:298,0
DA:300,0
DA:302,0
DA:303,0
DA:304,0
DA:305,0
DA:306,0
DA:308,0
DA:309,0
DA:312,0
DA:313,0
DA:314,0
DA:318,0
DA:319,0
DA:327,0
DA:328,0
DA:329,0
DA:331,0
DA:332,0
DA:337,0
DA:356,1
DA:365,1
DA:385,1
DA:386,0
DA:387,0
DA:389,0
DA:391,0
DA:393,0
DA:395,0
DA:413,1
DA:414,0
DA:415,0
DA:416,0
DA:417,0
DA:418,0
DA:437,1
DA:438,0
DA:439,0
DA:440,0
DA:441,0
DA:442,0
DA:458,1
DA:459,0
DA:462,0
DA:464,0
DA:481,1
DA:482,0
DA:483,0
DA:498,1
DA:528,0
DA:539,0
DA:554,1
DA:564,1
DA:565,0
DA:566,0
DA:583,1
DA:584,0
DA:585,0
DA:586,0
DA:588,0
DA:591,0
DA:592,0
DA:593,0
DA:595,0
DA:596,0
DA:597,0
DA:598,0
DA:599,0
DA:600,0
DA:601,0
DA:604,0
DA:607,0
DA:621,1
DA:622,0
DA:623,0
DA:625,0
DA:627,0
DA:628,0
DA:644,1
DA:645,0
DA:646,0
DA:663,1
DA:664,0
DA:665,0
DA:666,0
DA:668,0
DA:682,1
DA:683,0
DA:700,1
DA:701,0
DA:702,0
DA:703,0
DA:720,1
DA:721,0
DA:722,0
DA:723,0
DA:724,0
DA:725,0
DA:726,0
DA:727,0
DA:746,1
DA:747,0
DA:748,0
DA:749,0
DA:751,0
DA:757,1
DA:758,1
DA:759,1
DA:760,0
DA:761,0
DA:763,0
DA:764,0
DA:765,0
LF:208
LH:42
BRDA:57,0,0,0
BRDA:57,0,1,0
BRDA:63,1,0,0
BRDA:63,1,1,0
BRDA:65,2,0,0
BRDA:65,2,1,0
BRDA:65,3,0,0
BRDA:65,3,1,0
BRDA:68,4,0,0
BRDA:68,4,1,0
BRDA:86,5,0,0
BRDA:86,5,1,0
BRDA:87,6,0,0
BRDA:87,6,1,0
BRDA:89,7,0,0
BRDA:89,7,1,0
BRDA:89,8,0,0
BRDA:89,8,1,0
BRDA:105,9,0,2
BRDA:105,9,1,2
BRDA:153,10,0,0
BRDA:153,10,1,0
BRDA:154,11,0,0
BRDA:154,11,1,0
BRDA:160,12,0,0
BRDA:160,12,1,0
BRDA:161,13,0,0
BRDA:161,13,1,0
BRDA:164,14,0,0
BRDA:164,14,1,0
BRDA:170,15,0,0
BRDA:170,15,1,0
BRDA:175,16,0,0
BRDA:175,16,1,0
BRDA:184,17,0,0
BRDA:184,17,1,0
BRDA:202,18,0,1
BRDA:202,18,1,0
BRDA:217,19,0,0
BRDA:217,19,1,0
BRDA:226,20,0,0
BRDA:226,20,1,0
BRDA:228,21,0,0
BRDA:228,21,1,0
BRDA:245,22,0,0
BRDA:245,22,1,0
BRDA:260,23,0,0
BRDA:260,23,1,0
BRDA:282,24,0,0
BRDA:282,24,1,0
BRDA:285,25,0,0
BRDA:285,25,1,0
BRDA:288,26,0,0
BRDA:288,26,1,0
BRDA:296,27,0,0
BRDA:296,27,1,0
BRDA:297,28,0,0
BRDA:297,28,1,0
BRDA:305,29,0,0
BRDA:305,29,1,0
BRDA:312,30,0,0
BRDA:312,30,1,0
BRDA:318,31,0,0
BRDA:318,31,1,0
BRDA:328,32,0,0
BRDA:328,32,1,0
BRDA:337,33,0,0
BRDA:337,33,1,0
BRDA:387,34,0,0
BRDA:387,34,1,0
BRDA:389,35,0,0
BRDA:389,35,1,0
BRDA:415,36,0,0
BRDA:415,36,1,0
BRDA:439,37,0,0
BRDA:439,37,1,0
BRDA:459,38,0,0
BRDA:459,38,1,0
BRDA:585,39,0,0
BRDA:585,39,1,0
BRDA:585,40,0,0
BRDA:585,40,1,0
BRDA:585,40,2,0
BRDA:592,41,0,0
BRDA:592,41,1,0
BRDA:596,42,0,0
BRDA:596,42,1,0
BRDA:600,43,0,0
BRDA:600,43,1,0
BRDA:607,44,0,0
BRDA:607,44,1,0
BRDA:622,45,0,0
BRDA:622,45,1,0
BRDA:627,46,0,0
BRDA:627,46,1,0
BRDA:665,47,0,0
BRDA:665,47,1,0
BRDA:702,48,0,0
BRDA:702,48,1,0
BRDA:724,49,0,0
BRDA:724,49,1,0
BRDA:726,50,0,0
BRDA:726,50,1,0
BRDA:748,51,0,0
BRDA:748,51,1,0
BRDA:759,52,0,0
BRDA:759,52,1,1
BRDA:760,53,0,0
BRDA:760,53,1,0
BRDA:764,54,0,0
BRDA:764,54,1,0
BRF:111
BRH:4
end_of_record
